TN:
SF:src/apis/user.ts
FN:12,getUserRole
FN:23,fetchUser
FNF:2
FNH:2
FNDA:5,getUserRole
FNDA:2,fetchUser
DA:1,1
DA:2,1
DA:3,1
DA:4,1
DA:5,1
DA:6,1
DA:7,1
DA:8,1
DA:9,1
DA:10,1
DA:11,1
DA:12,1
DA:13,5
DA:14,5
DA:15,1
DA:16,1
DA:17,1
DA:18,1
DA:19,1
DA:20,1
DA:21,1
DA:22,1
DA:23,1
DA:24,2
DA:25,2
LF:25
LH:25
BRDA:12,0,0,5
BRDA:23,1,0,2
BRF:2
BRH:2
end_of_record
TN:
SF:src/components/Title.tsx
FN:27,Title
FNF:1
FNH:1
FNDA:2,Title
DA:1,1
DA:2,1
DA:3,1
DA:4,1
DA:5,1
DA:6,1
DA:7,1
DA:8,1
DA:9,1
DA:10,1
DA:11,1
DA:12,1
DA:13,1
DA:14,1
DA:15,1
DA:16,1
DA:17,1
DA:18,1
DA:19,1
DA:20,1
DA:21,1
DA:22,1
DA:23,1
DA:24,1
DA:25,1
DA:26,1
DA:27,1
DA:28,2
DA:29,2
DA:30,2
DA:31,2
DA:32,1
DA:33,1
LF:33
LH:33
BRDA:27,0,0,2
BRF:1
BRH:1
end_of_record
TN:
SF:src/components/AuthButton/index.tsx
FN:15,AuthButton
FN:21,getLoginState
FNF:2
FNH:2
FNDA:13,AuthButton
FNDA:7,getLoginState
DA:1,1
DA:2,1
DA:3,1
DA:4,1
DA:5,1
DA:6,1
DA:7,1
DA:8,1
DA:9,1
DA:10,1
DA:11,1
DA:12,1
DA:13,1
DA:14,1
DA:15,1
DA:16,13
DA:17,13
DA:18,13
DA:19,13
DA:20,13
DA:21,13
DA:22,7
DA:23,6
DA:24,6
DA:25,13
DA:26,13
DA:27,7
DA:28,13
DA:29,13
DA:30,13
DA:31,13
DA:32,13
DA:33,13
DA:34,13
DA:35,13
DA:36,13
DA:37,1
DA:38,1
LF:38
LH:38
BRDA:15,0,0,13
BRDA:32,1,0,7
BRDA:21,2,0,7
BRDA:23,3,0,6
BRDA:26,4,0,7
BRF:5
BRH:5
end_of_record
TN:
SF:src/components/AuthButton/styles.module.less
FN:1,Object.<anonymous>
FNF:1
FNH:1
FNDA:4,Object.<anonymous>
DA:1,4
DA:2,1
DA:3,1
LF:3
LH:3
BRDA:1,0,0,4
BRDA:1,1,0,4
BRF:2
BRH:2
end_of_record
TN:
SF:src/components/User/index.tsx
FN:7,User
FN:12,onClick
FNF:2
FNH:2
FNDA:3,User
FNDA:1,onClick
DA:1,1
DA:2,1
DA:3,1
DA:4,1
DA:5,1
DA:6,1
DA:7,1
DA:8,3
DA:9,3
DA:10,3
DA:11,3
DA:12,3
DA:13,1
DA:14,1
DA:15,1
DA:16,3
DA:17,3
DA:18,3
DA:19,3
DA:20,3
DA:21,3
DA:22,3
DA:23,3
DA:24,1
DA:25,1
DA:26,1
DA:27,1
DA:28,3
DA:29,2
DA:30,2
DA:31,3
DA:32,3
DA:33,3
DA:34,3
DA:35,3
DA:36,3
DA:37,3
DA:38,3
DA:39,1
DA:40,1
LF:40
LH:40
BRDA:7,0,0,3
BRDA:21,1,0,1
BRDA:23,2,0,1
BRDA:29,3,0,2
BRDA:12,4,0,1
BRF:5
BRH:5
end_of_record
TN:
SF:src/hooks/useCounter.ts
FN:10,getTargetValue
FN:22,useCounter
FN:32,setValue
FN:42,inc
FN:46,dec
FN:50,set
FN:54,reset
FNF:7
FNH:7
FNDA:29,getTargetValue
FNDA:27,useCounter
FNDA:15,setValue
FNDA:7,inc
FNDA:3,dec
FNDA:2,set
FNDA:3,reset
DA:1,1
DA:2,1
DA:3,1
DA:4,1
DA:5,1
DA:6,1
DA:7,1
DA:8,1
DA:9,1
DA:10,29
DA:11,29
DA:12,29
DA:13,29
DA:14,1
DA:15,1
DA:16,29
DA:17,1
DA:18,1
DA:19,29
DA:20,29
DA:21,1
DA:22,27
DA:23,27
DA:24,27
DA:25,27
DA:26,14
DA:27,14
DA:28,14
DA:29,14
DA:30,14
DA:31,27
DA:32,27
DA:33,15
DA:34,15
DA:35,15
DA:36,15
DA:37,15
DA:38,15
DA:39,15
DA:40,15
DA:41,27
DA:42,27
DA:43,7
DA:44,7
DA:45,27
DA:46,27
DA:47,3
DA:48,3
DA:49,27
DA:50,27
DA:51,2
DA:52,2
DA:53,27
DA:54,27
DA:55,3
DA:56,3
DA:57,27
DA:58,27
DA:59,27
DA:60,27
DA:61,27
DA:62,27
DA:63,27
DA:64,27
DA:65,27
DA:66,27
DA:67,27
DA:68,1
DA:69,1
LF:69
LH:69
BRDA:10,0,0,29
BRDA:13,1,0,1
BRDA:16,2,0,1
BRDA:22,3,0,27
BRDA:25,4,0,14
BRDA:32,5,0,15
BRDA:33,6,0,15
BRDA:34,7,0,5
BRDA:34,8,0,10
BRDA:42,9,0,7
BRDA:43,10,0,7
BRDA:46,11,0,3
BRDA:47,12,0,3
BRDA:50,13,0,2
BRDA:54,14,0,3
BRF:15
BRH:15
end_of_record
TN:
SF:src/hooks/useQuery.ts
FN:5,useQuery
FNF:1
FNH:1
FNDA:2,useQuery
DA:1,1
DA:2,1
DA:3,1
DA:4,1
DA:5,1
DA:6,2
DA:7,2
DA:8,2
DA:9,2
DA:10,1
DA:11,1
LF:11
LH:11
BRDA:5,0,0,2
BRDA:8,1,0,2
BRF:2
BRH:2
end_of_record
TN:
SF:src/store/index.ts
FN:16,useAppDispatch
FNF:1
FNH:1
FNDA:3,useAppDispatch
DA:1,1
DA:2,1
DA:3,1
DA:4,1
DA:5,1
DA:6,1
DA:7,1
DA:8,1
DA:9,1
DA:10,1
DA:11,1
DA:12,1
DA:13,1
DA:14,1
DA:15,1
DA:16,1
DA:17,1
DA:18,1
DA:19,1
LF:19
LH:19
BRDA:16,0,0,3
BRF:1
BRH:1
end_of_record
TN:
SF:src/store/user/reducer.ts
FN:15,updateUserName
FN:19,extraReducers
FNF:2
FNH:2
FNDA:1,updateUserName
FNDA:2,extraReducers
DA:1,1
DA:2,1
DA:3,1
DA:4,1
DA:5,1
DA:6,1
DA:7,1
DA:8,1
DA:9,1
DA:10,1
DA:11,1
DA:12,1
DA:13,1
DA:14,1
DA:15,1
DA:16,1
DA:17,1
DA:18,1
DA:19,1
DA:20,2
DA:21,1
DA:22,2
DA:23,2
DA:24,1
DA:25,1
DA:26,1
DA:27,2
DA:28,2
DA:29,0
DA:30,2
DA:31,2
DA:32,1
DA:33,1
DA:34,1
DA:35,1
DA:36,1
LF:36
LH:35
BRDA:15,0,0,1
BRDA:19,1,0,2
BRDA:20,2,0,1
BRDA:23,3,0,1
BRF:4
BRH:4
end_of_record
TN:
SF:src/store/user/selectors.ts
FN:3,selectUser
FN:13,selectUserFetchStatus
FNF:2
FNH:2
FNDA:4,selectUser
FNDA:4,selectUserFetchStatus
DA:1,1
DA:2,1
DA:3,1
DA:4,4
DA:5,4
DA:6,4
DA:7,4
DA:8,4
DA:9,4
DA:10,4
DA:11,4
DA:12,1
DA:13,1
LF:13
LH:13
BRDA:3,0,0,4
BRDA:13,1,0,4
BRF:2
BRH:2
end_of_record
TN:
SF:src/store/user/thunks.ts
FNF:0
FNH:0
DA:1,1
DA:2,1
DA:3,1
DA:4,1
DA:5,1
DA:6,1
DA:7,2
DA:8,2
DA:9,2
DA:10,1
LF:10
LH:10
BRDA:6,0,0,2
BRF:1
BRH:1
end_of_record
TN:
SF:src/utils/after1000ms.ts
FN:3,after1000ms
FNF:1
FNH:1
FNDA:1,after1000ms
DA:1,1
DA:2,1
DA:3,1
DA:4,1
DA:5,1
DA:6,1
DA:7,1
DA:8,1
DA:9,1
DA:10,1
DA:11,1
LF:11
LH:11
BRDA:3,0,0,1
BRDA:5,1,0,1
BRF:2
BRH:2
end_of_record
TN:
SF:src/utils/env.ts
FN:2,getEnv
FN:9,get env
FN:14,getEnv
FNF:3
FNH:0
FNDA:0,getEnv
FNDA:0,get env
FNDA:0,getEnv
DA:1,1
DA:2,1
DA:3,0
DA:4,0
DA:5,0
DA:6,1
DA:7,1
DA:8,1
DA:9,1
DA:10,0
DA:11,0
DA:12,1
DA:13,1
DA:14,1
DA:15,1
DA:16,1
LF:16
LH:11
BRF:0
BRH:0
end_of_record
TN:
SF:src/utils/getSearchObj.ts
FN:1,getSearchObj
FNF:1
FNH:1
FNDA:2,getSearchObj
DA:1,1
DA:2,2
DA:3,2
DA:4,2
DA:5,2
DA:6,2
DA:7,2
DA:8,2
DA:9,2
DA:10,2
DA:11,2
DA:12,2
DA:13,2
DA:14,2
DA:15,3
DA:16,3
DA:17,3
DA:18,2
DA:19,2
DA:20,2
DA:21,2
DA:22,1
DA:23,1
LF:23
LH:23
BRDA:1,0,0,2
BRDA:14,1,0,3
BRF:2
BRH:2
end_of_record
TN:
SF:src/utils/sleep.ts
FN:1,sleep
FNF:1
FNH:1
FNDA:1,sleep
DA:1,1
DA:2,1
LF:2
LH:2
BRDA:1,0,0,1
BRDA:1,1,0,1
BRF:2
BRH:2
end_of_record
TN:
SF:src/utils/storage.ts
FN:3,set
FN:7,get
FNF:2
FNH:2
FNDA:1,set
FNDA:1,get
DA:1,1
DA:2,1
DA:3,1
DA:4,1
DA:5,1
DA:6,1
DA:7,1
DA:8,1
DA:9,1
DA:10,1
DA:11,1
DA:12,1
DA:13,1
DA:14,1
DA:15,1
DA:16,1
LF:16
LH:16
BRDA:3,0,0,1
BRDA:7,1,0,1
BRF:2
BRH:2
end_of_record
TN:
SF:src/utils/sum.ts
FN:1,sum
FNF:1
FNH:1
FNDA:1,sum
DA:1,1
DA:2,1
DA:3,1
LF:3
LH:3
BRDA:1,0,0,1
BRF:1
BRH:1
end_of_record
TN:
SF:tests/mock/foo-bar-baz.ts
FN:2,bar
FN:3,_default
FNF:2
FNH:1
FNDA:1,bar
FNDA:0,_default
DA:1,1
DA:2,1
DA:3,1
LF:3
LH:3
BRDA:2,0,0,1
BRF:1
BRH:1
end_of_record
TN:
SF:tests/mock/user.ts
FN:4,all
FNF:1
FNH:1
FNDA:1,all
DA:1,1
DA:2,1
DA:3,1
DA:4,1
DA:5,1
DA:6,1
DA:7,1
DA:8,1
DA:9,1
LF:9
LH:9
BRDA:4,0,0,1
BRDA:5,1,0,1
BRF:2
BRH:2
end_of_record
TN:
SF:tests/mockServer/handlers.ts
FNF:0
FNH:0
DA:1,1
DA:2,1
DA:3,1
DA:4,1
DA:5,1
DA:6,1
DA:7,1
DA:8,1
DA:9,1
LF:9
LH:9
BRDA:4,0,0,1
BRF:1
BRH:1
end_of_record
TN:
SF:tests/mockServer/server.ts
FNF:0
FNH:0
DA:1,1
DA:2,1
DA:3,1
DA:4,1
DA:5,1
DA:6,1
LF:6
LH:6
BRF:0
BRH:0
end_of_record
TN:
SF:tests/testUtils/render.tsx
FN:12,render
FN:21,Wrapper
FNF:2
FNH:2
FNDA:1,render
FNDA:1,Wrapper
DA:1,1
DA:2,1
DA:3,1
DA:4,1
DA:5,1
DA:6,1
DA:7,1
DA:8,1
DA:9,1
DA:10,1
DA:11,1
DA:12,1
DA:13,1
DA:14,1
DA:15,1
DA:16,1
DA:17,1
DA:18,1
DA:19,1
DA:20,1
DA:21,1
DA:22,1
DA:23,1
DA:24,1
DA:25,1
DA:26,1
DA:27,1
DA:28,1
DA:29,1
LF:29
LH:29
BRDA:12,0,0,1
BRDA:21,1,0,1
BRF:2
BRH:2
end_of_record
